<?xml version="1.0" encoding="UTF-8"?>
<!-- Generated by org.testng.reporters.JUnitReportReporter -->
<testsuite hostname="LAPTOP-BOTR56SN" failures="0" tests="1" name="blazetest.Blazelogintest" time="3.642" errors="0" timestamp="2024-06-01T23:19:47 IST" skipped="0">
  <testcase classname="blazetest.Blazelogintest" name="testlogin" time="3.642"/>
</testsuite> <!-- blazetest.Blazelogintest -->
