<?xml version="1.0" encoding="UTF-8"?>
<!-- Generated by org.testng.reporters.JUnitReportReporter -->
<testsuite hostname="LAPTOP-BOTR56SN" failures="0" tests="1" name="blazetest.Blazeregistertest" time="3.612" errors="0" timestamp="2024-06-01T23:12:58 IST" skipped="0">
  <testcase classname="blazetest.Blazeregistertest" name="testlogin" time="3.612"/>
</testsuite> <!-- blazetest.Blazeregistertest -->
